W1226 05:54:38.483504 2783246 site-packages/torch/distributed/run.py:792] 
W1226 05:54:38.483504 2783246 site-packages/torch/distributed/run.py:792] *****************************************
W1226 05:54:38.483504 2783246 site-packages/torch/distributed/run.py:792] Setting OMP_NUM_THREADS environment variable for each process to be 1 in default, to avoid your system being overloaded, please further tune the variable for optimal performance in your application as needed. 
W1226 05:54:38.483504 2783246 site-packages/torch/distributed/run.py:792] *****************************************
----------------- Options ---------------
               batch_size: 1                             	[default: 2]
                    beta1: 0.5                           
          checkpoints_dir: ./checkpoints                 
           continue_train: False                         
                crop_size: 800                           	[default: 512]
                 dataroot: ../datasets/sperm_instance_800	[default: None]
             dataset_mode: usseg                         	[default: template]
                direction: AtoB                          
              display_env: none                          	[default: main]
             display_freq: 200                           
               display_id: 1                             
            display_ncols: 4                             
             display_port: 5565                          
           display_server: http://localhost              
          display_winsize: 256                           
              distributed: False                         	[default: None]
                    epoch: latest                        
              epoch_count: 1                             
                 gan_mode: lsgan                         
                  gpu_ids: 4,5,6,7                       	[default: 0,1]
                init_gain: 0.02                          
                init_type: normal                        
                 input_nc: 1                             
                  isTrain: True                          	[default: None]
                 lambda_A: 1.0                           	[default: 10.0]
                 lambda_B: 1.0                           	[default: 10.0]
                load_iter: 0                             	[default: 0]
                load_size: 800                           	[default: 512]
               local_rank: 0                             	[default: None]
                       lr: 0.0001                        	[default: 0.0002]
                   lr_G_A: 0.0001                        
                   lr_G_B: 0.001                         
           lr_decay_iters: 100                           	[default: 50]
                lr_policy: step                          	[default: linear]
              mask_thresh: 0.5                           
         max_dataset_size: inf                           
            max_instances: 4                             	[default: 5]
                    model: usseg                         	[default: cycle_gan]
                 n_epochs: 100                           
           n_epochs_decay: 300                           	[default: 100]
               n_layers_D: 3                             
                     name: none                          	[default: experiment_name]
                      ndf: 64                            
                     netD: basic                         
                     netG: resnet_9blocks                
                      ngf: 64                            
               no_dropout: True                          
                  no_flip: True                          	[default: False]
                  no_html: False                         
                     norm: instance                      
              num_threads: 4                             	[default: 8]
                output_nc: 1                             
                    phase: train                         
                pool_size: 50                            
               preprocess: none                          	[default: resize_and_crop]
               print_freq: 100                           
                     rank: 0                             	[default: None]
             save_by_iter: False                         
          save_epoch_freq: 40                            
         save_latest_freq: 4000                          
             score_thresh: 0.5                           
           serial_batches: False                         
                   suffix:                               
         update_html_freq: 10000                         
                  verbose: False                         
               world_size: 1                             	[default: None]
----------------- End -------------------
dataset [USSEGDataset] was created
Using DistributedSampler: 150 samples per GPU
DDP enabled: world_size=4, using DistributedSampler
The number of training images = 600 (total), 150 per GPU
initialize network with normal
initialize network with normal
model [USSEGModel] was created
---------- Networks initialized -------------
[Network G_A] Total number of parameters : 47.352 M
[Network G_B] Total number of parameters : 12.546 M
[Network D_B] Total number of parameters : 2.763 M
-----------------------------------------------
create image directory ./checkpoints/none/images...
[rank2]:[W1226 05:54:46.202987055 reducer.cpp:1400] Warning: find_unused_parameters=True was specified in DDP constructor, but did not find any unused parameters in the forward pass. This flag results in an extra traversal of the autograd graph every iteration,  which can adversely affect performance. If your model indeed never has any unused parameters in the forward pass, consider turning this flag off. Note that this warning may be a false positive if your model has flow control causing later iterations to have unused parameters. (function operator())
[rank3]:[W1226 05:54:47.290174977 reducer.cpp:1400] Warning: find_unused_parameters=True was specified in DDP constructor, but did not find any unused parameters in the forward pass. This flag results in an extra traversal of the autograd graph every iteration,  which can adversely affect performance. If your model indeed never has any unused parameters in the forward pass, consider turning this flag off. Note that this warning may be a false positive if your model has flow control causing later iterations to have unused parameters. (function operator())
[rank0]:[W1226 05:54:47.310960966 reducer.cpp:1400] Warning: find_unused_parameters=True was specified in DDP constructor, but did not find any unused parameters in the forward pass. This flag results in an extra traversal of the autograd graph every iteration,  which can adversely affect performance. If your model indeed never has any unused parameters in the forward pass, consider turning this flag off. Note that this warning may be a false positive if your model has flow control causing later iterations to have unused parameters. (function operator())
[rank1]:[W1226 05:54:47.313425858 reducer.cpp:1400] Warning: find_unused_parameters=True was specified in DDP constructor, but did not find any unused parameters in the forward pass. This flag results in an extra traversal of the autograd graph every iteration,  which can adversely affect performance. If your model indeed never has any unused parameters in the forward pass, consider turning this flag off. Note that this warning may be a false positive if your model has flow control causing later iterations to have unused parameters. (function operator())
(epoch: 1, iters: 100, time: 1.094, data: 0.193) cycle_A: 7.999 D_B: 0.659 G_B: 1.064 cycle_B: 1.086 G: 10.149 
(epoch: 1, iters: 200, time: 1.791, data: 0.000) cycle_A: 8.294 D_B: 1.011 G_B: 1.090 cycle_B: 0.576 G: 9.960 
(epoch: 1, iters: 300, time: 1.093, data: 0.000) cycle_A: 6.585 D_B: 0.319 G_B: 0.532 cycle_B: 0.842 G: 7.959 
(epoch: 1, iters: 400, time: 1.108, data: 0.000) cycle_A: 8.758 D_B: 0.288 G_B: 0.487 cycle_B: 0.637 G: 9.883 
(epoch: 1, iters: 500, time: 1.097, data: 0.000) cycle_A: 6.603 D_B: 0.310 G_B: 0.487 cycle_B: 0.840 G: 7.930 
(epoch: 1, iters: 600, time: 1.092, data: 0.000) cycle_A: 6.877 D_B: 0.333 G_B: 0.420 cycle_B: 0.418 G: 7.715 
learning rate 0.0001000 -> 0.0001000
End of epoch 1 / 400 	 Time Taken: 163 sec
(epoch: 2, iters: 100, time: 1.102, data: 0.189) cycle_A: 7.950 D_B: 0.346 G_B: 0.328 cycle_B: 0.518 G: 8.796 
(epoch: 2, iters: 200, time: 1.553, data: 0.000) cycle_A: 6.785 D_B: 0.297 G_B: 0.240 cycle_B: 0.372 G: 7.398 
(epoch: 2, iters: 300, time: 1.097, data: 0.000) cycle_A: 6.728 D_B: 0.273 G_B: 0.396 cycle_B: 0.540 G: 7.665 
(epoch: 2, iters: 400, time: 1.100, data: 0.000) cycle_A: 7.998 D_B: 0.270 G_B: 0.344 cycle_B: 0.781 G: 9.124 
(epoch: 2, iters: 500, time: 1.102, data: 0.000) cycle_A: 8.095 D_B: 0.250 G_B: 0.447 cycle_B: 0.547 G: 9.088 
(epoch: 2, iters: 600, time: 1.096, data: 0.000) cycle_A: 8.144 D_B: 0.279 G_B: 0.257 cycle_B: 0.884 G: 9.285 
learning rate 0.0001000 -> 0.0001000
End of epoch 2 / 400 	 Time Taken: 158 sec
(epoch: 3, iters: 100, time: 1.096, data: 0.179) cycle_A: 6.765 D_B: 0.277 G_B: 0.345 cycle_B: 0.453 G: 7.562 
(epoch: 3, iters: 200, time: 1.883, data: 0.000) cycle_A: 6.589 D_B: 0.302 G_B: 0.394 cycle_B: 1.019 G: 8.001 
(epoch: 3, iters: 300, time: 1.098, data: 0.000) cycle_A: 6.692 D_B: 0.284 G_B: 0.406 cycle_B: 0.522 G: 7.619 
(epoch: 3, iters: 400, time: 1.099, data: 0.001) cycle_A: 8.357 D_B: 0.265 G_B: 0.337 cycle_B: 0.584 G: 9.277 
(epoch: 3, iters: 500, time: 1.108, data: 0.000) cycle_A: 8.799 D_B: 0.278 G_B: 0.385 cycle_B: 0.608 G: 9.793 
(epoch: 3, iters: 600, time: 1.094, data: 0.000) cycle_A: 8.384 D_B: 0.281 G_B: 0.351 cycle_B: 0.291 G: 9.025 
learning rate 0.0001000 -> 0.0001000
End of epoch 3 / 400 	 Time Taken: 158 sec
(epoch: 4, iters: 100, time: 1.100, data: 0.172) cycle_A: 8.047 D_B: 0.262 G_B: 0.292 cycle_B: 1.006 G: 9.345 
(epoch: 4, iters: 200, time: 1.451, data: 0.000) cycle_A: 8.483 D_B: 0.262 G_B: 0.269 cycle_B: 0.437 G: 9.189 
(epoch: 4, iters: 300, time: 1.117, data: 0.000) cycle_A: 8.339 D_B: 0.238 G_B: 0.272 cycle_B: 0.536 G: 9.148 
(epoch: 4, iters: 400, time: 1.098, data: 0.000) cycle_A: 8.252 D_B: 0.251 G_B: 0.267 cycle_B: 0.786 G: 9.305 
(epoch: 4, iters: 500, time: 1.097, data: 0.000) cycle_A: 8.121 D_B: 0.251 G_B: 0.319 cycle_B: 0.649 G: 9.089 
(epoch: 4, iters: 600, time: 1.092, data: 0.000) cycle_A: 8.088 D_B: 0.276 G_B: 0.345 cycle_B: 0.556 G: 8.989 
learning rate 0.0001000 -> 0.0001000
End of epoch 4 / 400 	 Time Taken: 158 sec
(epoch: 5, iters: 100, time: 1.119, data: 0.184) cycle_A: 8.123 D_B: 0.308 G_B: 0.221 cycle_B: 0.529 G: 8.873 
(epoch: 5, iters: 200, time: 1.450, data: 0.000) cycle_A: 7.998 D_B: 0.248 G_B: 0.340 cycle_B: 0.463 G: 8.801 
(epoch: 5, iters: 300, time: 1.097, data: 0.000) cycle_A: 8.058 D_B: 0.306 G_B: 0.197 cycle_B: 0.617 G: 8.872 
(epoch: 5, iters: 400, time: 1.102, data: 0.000) cycle_A: 6.294 D_B: 0.270 G_B: 0.199 cycle_B: 0.600 G: 7.093 
(epoch: 5, iters: 500, time: 1.094, data: 0.000) cycle_A: 6.798 D_B: 0.246 G_B: 0.401 cycle_B: 0.588 G: 7.787 
(epoch: 5, iters: 600, time: 1.094, data: 0.000) cycle_A: 6.802 D_B: 0.251 G_B: 0.273 cycle_B: 0.564 G: 7.639 
learning rate 0.0001000 -> 0.0001000
End of epoch 5 / 400 	 Time Taken: 157 sec
(epoch: 6, iters: 100, time: 1.094, data: 0.186) cycle_A: 6.841 D_B: 0.229 G_B: 0.303 cycle_B: 0.625 G: 7.769 
(epoch: 6, iters: 200, time: 1.591, data: 0.000) cycle_A: 7.916 D_B: 0.261 G_B: 0.303 cycle_B: 0.671 G: 8.890 
(epoch: 6, iters: 300, time: 1.095, data: 0.000) cycle_A: 8.047 D_B: 0.260 G_B: 0.327 cycle_B: 0.658 G: 9.033 
(epoch: 6, iters: 400, time: 1.098, data: 0.000) cycle_A: 8.155 D_B: 0.268 G_B: 0.293 cycle_B: 0.635 G: 9.083 
(epoch: 6, iters: 500, time: 1.099, data: 0.000) cycle_A: 7.931 D_B: 0.250 G_B: 0.257 cycle_B: 0.692 G: 8.880 
(epoch: 6, iters: 600, time: 1.094, data: 0.000) cycle_A: 5.376 D_B: 0.257 G_B: 0.272 cycle_B: 0.535 G: 6.182 
learning rate 0.0001000 -> 0.0001000
End of epoch 6 / 400 	 Time Taken: 158 sec
(epoch: 7, iters: 100, time: 1.096, data: 0.191) cycle_A: 8.065 D_B: 0.257 G_B: 0.280 cycle_B: 0.604 G: 8.948 
(epoch: 7, iters: 200, time: 1.433, data: 0.000) cycle_A: 7.856 D_B: 0.295 G_B: 0.348 cycle_B: 0.703 G: 8.907 
(epoch: 7, iters: 300, time: 1.099, data: 0.000) cycle_A: 7.809 D_B: 0.232 G_B: 0.297 cycle_B: 0.405 G: 8.511 
(epoch: 7, iters: 400, time: 1.098, data: 0.000) cycle_A: 6.802 D_B: 0.256 G_B: 0.324 cycle_B: 0.612 G: 7.738 
saving the latest model (epoch 7, total_iters 4000)
(epoch: 7, iters: 500, time: 1.103, data: 0.000) cycle_A: 8.208 D_B: 0.254 G_B: 0.246 cycle_B: 0.608 G: 9.062 
(epoch: 7, iters: 600, time: 1.096, data: 0.000) cycle_A: 8.861 D_B: 0.225 G_B: 0.384 cycle_B: 0.713 G: 9.957 
learning rate 0.0001000 -> 0.0001000
End of epoch 7 / 400 	 Time Taken: 158 sec
(epoch: 8, iters: 100, time: 1.101, data: 0.224) cycle_A: 7.837 D_B: 0.218 G_B: 0.365 cycle_B: 0.570 G: 8.773 
(epoch: 8, iters: 200, time: 1.428, data: 0.000) cycle_A: 6.569 D_B: 0.264 G_B: 0.310 cycle_B: 0.883 G: 7.762 
(epoch: 8, iters: 300, time: 1.101, data: 0.000) cycle_A: 7.301 D_B: 0.299 G_B: 0.336 cycle_B: 0.601 G: 8.238 
(epoch: 8, iters: 400, time: 1.101, data: 0.000) cycle_A: 8.083 D_B: 0.206 G_B: 0.309 cycle_B: 0.642 G: 9.034 
(epoch: 8, iters: 500, time: 1.104, data: 0.000) cycle_A: 8.406 D_B: 0.233 G_B: 0.284 cycle_B: 0.860 G: 9.549 
(epoch: 8, iters: 600, time: 1.096, data: 0.000) cycle_A: 8.636 D_B: 0.207 G_B: 0.446 cycle_B: 0.770 G: 9.852 
learning rate 0.0001000 -> 0.0001000
End of epoch 8 / 400 	 Time Taken: 158 sec
(epoch: 9, iters: 100, time: 1.091, data: 0.215) cycle_A: 8.656 D_B: 0.233 G_B: 0.280 cycle_B: 0.417 G: 9.352 
(epoch: 9, iters: 200, time: 1.401, data: 0.000) cycle_A: 8.366 D_B: 0.224 G_B: 0.271 cycle_B: 0.559 G: 9.196 
(epoch: 9, iters: 300, time: 1.100, data: 0.000) cycle_A: 8.628 D_B: 0.248 G_B: 0.306 cycle_B: 0.447 G: 9.381 
(epoch: 9, iters: 400, time: 1.107, data: 0.000) cycle_A: 7.931 D_B: 0.267 G_B: 0.292 cycle_B: 0.623 G: 8.846 
(epoch: 9, iters: 500, time: 1.100, data: 0.001) cycle_A: 8.306 D_B: 0.215 G_B: 0.314 cycle_B: 0.525 G: 9.145 
(epoch: 9, iters: 600, time: 1.095, data: 0.000) cycle_A: 8.132 D_B: 0.287 G_B: 0.238 cycle_B: 0.506 G: 8.876 
learning rate 0.0001000 -> 0.0001000
End of epoch 9 / 400 	 Time Taken: 157 sec
(epoch: 10, iters: 100, time: 1.101, data: 0.208) cycle_A: 8.575 D_B: 0.249 G_B: 0.235 cycle_B: 0.394 G: 9.204 
(epoch: 10, iters: 200, time: 1.413, data: 0.000) cycle_A: 8.243 D_B: 0.255 G_B: 0.294 cycle_B: 0.446 G: 8.983 
(epoch: 10, iters: 300, time: 1.110, data: 0.000) cycle_A: 8.088 D_B: 0.285 G_B: 0.228 cycle_B: 0.397 G: 8.712 
(epoch: 10, iters: 400, time: 1.117, data: 0.000) cycle_A: 7.909 D_B: 0.314 G_B: 0.246 cycle_B: 0.512 G: 8.667 
(epoch: 10, iters: 500, time: 1.093, data: 0.000) cycle_A: 7.823 D_B: 0.250 G_B: 0.264 cycle_B: 0.764 G: 8.851 
(epoch: 10, iters: 600, time: 1.095, data: 0.000) cycle_A: 6.739 D_B: 0.215 G_B: 0.399 cycle_B: 0.537 G: 7.675 
learning rate 0.0001000 -> 0.0001000
End of epoch 10 / 400 	 Time Taken: 158 sec
(epoch: 11, iters: 100, time: 1.102, data: 0.212) cycle_A: 8.220 D_B: 0.222 G_B: 0.209 cycle_B: 0.344 G: 8.774 
(epoch: 11, iters: 200, time: 1.400, data: 0.000) cycle_A: 8.262 D_B: 0.241 G_B: 0.362 cycle_B: 0.813 G: 9.437 
(epoch: 11, iters: 300, time: 1.103, data: 0.000) cycle_A: 8.270 D_B: 0.221 G_B: 0.199 cycle_B: 0.570 G: 9.039 
(epoch: 11, iters: 400, time: 1.114, data: 0.000) cycle_A: 8.284 D_B: 0.289 G_B: 0.284 cycle_B: 0.875 G: 9.443 
(epoch: 11, iters: 500, time: 1.098, data: 0.000) cycle_A: 8.045 D_B: 0.225 G_B: 0.282 cycle_B: 0.618 G: 8.945 
(epoch: 11, iters: 600, time: 1.094, data: 0.000) cycle_A: 8.328 D_B: 0.264 G_B: 0.274 cycle_B: 0.638 G: 9.239 
learning rate 0.0001000 -> 0.0001000
End of epoch 11 / 400 	 Time Taken: 157 sec
(epoch: 12, iters: 100, time: 1.096, data: 0.213) cycle_A: 8.201 D_B: 0.270 G_B: 0.369 cycle_B: 0.561 G: 9.131 
(epoch: 12, iters: 200, time: 1.440, data: 0.000) cycle_A: 8.038 D_B: 0.189 G_B: 0.367 cycle_B: 1.091 G: 9.496 
(epoch: 12, iters: 300, time: 1.104, data: 0.000) cycle_A: 6.745 D_B: 0.203 G_B: 0.336 cycle_B: 0.561 G: 7.642 
(epoch: 12, iters: 400, time: 1.098, data: 0.000) cycle_A: 7.859 D_B: 0.252 G_B: 0.279 cycle_B: 0.688 G: 8.825 
(epoch: 12, iters: 500, time: 1.116, data: 0.000) cycle_A: 8.579 D_B: 0.255 G_B: 0.331 cycle_B: 0.630 G: 9.540 
(epoch: 12, iters: 600, time: 1.092, data: 0.000) cycle_A: 8.430 D_B: 0.285 G_B: 0.232 cycle_B: 0.593 G: 9.255 
learning rate 0.0001000 -> 0.0001000
End of epoch 12 / 400 	 Time Taken: 158 sec
(epoch: 13, iters: 100, time: 1.100, data: 0.206) cycle_A: 6.626 D_B: 0.192 G_B: 0.397 cycle_B: 0.745 G: 7.769 
(epoch: 13, iters: 200, time: 1.411, data: 0.000) cycle_A: 7.769 D_B: 0.225 G_B: 0.335 cycle_B: 0.391 G: 8.495 
(epoch: 13, iters: 300, time: 1.117, data: 0.000) cycle_A: 8.214 D_B: 0.217 G_B: 0.297 cycle_B: 0.399 G: 8.909 
(epoch: 13, iters: 400, time: 1.102, data: 0.000) cycle_A: 6.958 D_B: 0.239 G_B: 0.243 cycle_B: 0.466 G: 7.667 
(epoch: 13, iters: 500, time: 1.099, data: 0.000) cycle_A: 8.057 D_B: 0.293 G_B: 0.171 cycle_B: 0.674 G: 8.902 
(epoch: 13, iters: 600, time: 1.096, data: 0.000) cycle_A: 8.203 D_B: 0.239 G_B: 0.207 cycle_B: 0.520 G: 8.929 
learning rate 0.0001000 -> 0.0001000
End of epoch 13 / 400 	 Time Taken: 158 sec
(epoch: 14, iters: 100, time: 1.102, data: 0.207) cycle_A: 8.209 D_B: 0.234 G_B: 0.296 cycle_B: 0.579 G: 9.084 
(epoch: 14, iters: 200, time: 1.393, data: 0.000) cycle_A: 8.155 D_B: 0.189 G_B: 0.310 cycle_B: 0.780 G: 9.246 
saving the latest model (epoch 14, total_iters 8000)
(epoch: 14, iters: 300, time: 1.114, data: 0.000) cycle_A: 8.065 D_B: 0.239 G_B: 0.224 cycle_B: 0.367 G: 8.656 
(epoch: 14, iters: 400, time: 1.102, data: 0.000) cycle_A: 6.592 D_B: 0.254 G_B: 0.159 cycle_B: 0.563 G: 7.314 
(epoch: 14, iters: 500, time: 1.097, data: 0.000) cycle_A: 6.624 D_B: 0.243 G_B: 0.229 cycle_B: 0.431 G: 7.284 
(epoch: 14, iters: 600, time: 1.112, data: 0.000) cycle_A: 8.206 D_B: 0.225 G_B: 0.410 cycle_B: 0.582 G: 9.198 
learning rate 0.0001000 -> 0.0001000
End of epoch 14 / 400 	 Time Taken: 158 sec
(epoch: 15, iters: 100, time: 1.095, data: 0.192) cycle_A: 8.704 D_B: 0.222 G_B: 0.348 cycle_B: 0.909 G: 9.962 
(epoch: 15, iters: 200, time: 1.375, data: 0.000) cycle_A: 8.263 D_B: 0.271 G_B: 0.261 cycle_B: 0.769 G: 9.294 
(epoch: 15, iters: 300, time: 1.097, data: 0.000) cycle_A: 8.006 D_B: 0.264 G_B: 0.239 cycle_B: 0.599 G: 8.843 
(epoch: 15, iters: 400, time: 1.094, data: 0.000) cycle_A: 6.718 D_B: 0.242 G_B: 0.287 cycle_B: 0.501 G: 7.506 
(epoch: 15, iters: 500, time: 1.096, data: 0.000) cycle_A: 8.056 D_B: 0.204 G_B: 0.358 cycle_B: 0.710 G: 9.124 
(epoch: 15, iters: 600, time: 1.099, data: 0.000) cycle_A: 6.954 D_B: 0.226 G_B: 0.322 cycle_B: 0.616 G: 7.892 
learning rate 0.0001000 -> 0.0001000
End of epoch 15 / 400 	 Time Taken: 158 sec
(epoch: 16, iters: 100, time: 1.103, data: 0.230) cycle_A: 8.226 D_B: 0.198 G_B: 0.353 cycle_B: 0.804 G: 9.383 
(epoch: 16, iters: 200, time: 1.371, data: 0.000) cycle_A: 6.665 D_B: 0.248 G_B: 0.341 cycle_B: 0.530 G: 7.536 
(epoch: 16, iters: 300, time: 1.097, data: 0.000) cycle_A: 7.782 D_B: 0.228 G_B: 0.463 cycle_B: 1.081 G: 9.326 
(epoch: 16, iters: 400, time: 1.091, data: 0.000) cycle_A: 6.870 D_B: 0.234 G_B: 0.283 cycle_B: 0.932 G: 8.084 
(epoch: 16, iters: 500, time: 1.095, data: 0.000) cycle_A: 8.361 D_B: 0.249 G_B: 0.186 cycle_B: 0.419 G: 8.967 
(epoch: 16, iters: 600, time: 1.096, data: 0.000) cycle_A: 8.216 D_B: 0.225 G_B: 0.337 cycle_B: 0.431 G: 8.984 
learning rate 0.0001000 -> 0.0001000
End of epoch 16 / 400 	 Time Taken: 157 sec
(epoch: 17, iters: 100, time: 1.095, data: 0.227) cycle_A: 7.853 D_B: 0.203 G_B: 0.347 cycle_B: 0.993 G: 9.194 
(epoch: 17, iters: 200, time: 1.368, data: 0.000) cycle_A: 7.838 D_B: 0.263 G_B: 0.272 cycle_B: 0.600 G: 8.710 
(epoch: 17, iters: 300, time: 1.094, data: 0.000) cycle_A: 8.222 D_B: 0.233 G_B: 0.396 cycle_B: 0.724 G: 9.342 
(epoch: 17, iters: 400, time: 1.373, data: 0.000) cycle_A: 6.568 D_B: 0.154 G_B: 0.371 cycle_B: 1.004 G: 7.942 
(epoch: 17, iters: 500, time: 1.107, data: 0.000) cycle_A: 8.187 D_B: 0.265 G_B: 0.204 cycle_B: 0.437 G: 8.827 
(epoch: 17, iters: 600, time: 1.096, data: 0.000) cycle_A: 6.717 D_B: 0.226 G_B: 0.414 cycle_B: 1.554 G: 8.685 
learning rate 0.0001000 -> 0.0001000
End of epoch 17 / 400 	 Time Taken: 158 sec
(epoch: 18, iters: 100, time: 1.097, data: 0.235) cycle_A: 6.478 D_B: 0.298 G_B: 0.245 cycle_B: 0.851 G: 7.574 
(epoch: 18, iters: 200, time: 1.401, data: 0.000) cycle_A: 6.986 D_B: 0.229 G_B: 0.272 cycle_B: 0.845 G: 8.103 
(epoch: 18, iters: 300, time: 1.102, data: 0.000) cycle_A: 7.964 D_B: 0.287 G_B: 0.293 cycle_B: 0.605 G: 8.862 
(epoch: 18, iters: 400, time: 1.104, data: 0.000) cycle_A: 6.564 D_B: 0.208 G_B: 0.306 cycle_B: 0.484 G: 7.354 
(epoch: 18, iters: 500, time: 1.094, data: 0.000) cycle_A: 7.841 D_B: 0.304 G_B: 0.321 cycle_B: 0.564 G: 8.727 
(epoch: 18, iters: 600, time: 1.097, data: 0.000) cycle_A: 8.060 D_B: 0.212 G_B: 0.297 cycle_B: 0.617 G: 8.974 
learning rate 0.0001000 -> 0.0001000
End of epoch 18 / 400 	 Time Taken: 158 sec
(epoch: 19, iters: 100, time: 1.096, data: 0.213) cycle_A: 8.125 D_B: 0.266 G_B: 0.281 cycle_B: 0.866 G: 9.271 
(epoch: 19, iters: 200, time: 1.389, data: 0.000) cycle_A: 8.343 D_B: 0.239 G_B: 0.279 cycle_B: 0.812 G: 9.433 
(epoch: 19, iters: 300, time: 1.105, data: 0.000) cycle_A: 7.629 D_B: 0.271 G_B: 0.332 cycle_B: 0.488 G: 8.449 
(epoch: 19, iters: 400, time: 1.100, data: 0.000) cycle_A: 8.326 D_B: 0.264 G_B: 0.198 cycle_B: 0.358 G: 8.882 
(epoch: 19, iters: 500, time: 1.115, data: 0.000) cycle_A: 8.761 D_B: 0.175 G_B: 0.294 cycle_B: 0.435 G: 9.491 
(epoch: 19, iters: 600, time: 1.101, data: 0.000) cycle_A: 8.514 D_B: 0.262 G_B: 0.332 cycle_B: 0.336 G: 9.182 
learning rate 0.0001000 -> 0.0001000
End of epoch 19 / 400 	 Time Taken: 158 sec
(epoch: 20, iters: 100, time: 1.098, data: 0.230) cycle_A: 8.384 D_B: 0.226 G_B: 0.534 cycle_B: 0.668 G: 9.586 
(epoch: 20, iters: 200, time: 1.368, data: 0.000) cycle_A: 6.480 D_B: 0.236 G_B: 0.302 cycle_B: 0.981 G: 7.763 
(epoch: 20, iters: 300, time: 1.097, data: 0.000) cycle_A: 8.243 D_B: 0.169 G_B: 0.400 cycle_B: 0.594 G: 9.237 
(epoch: 20, iters: 400, time: 1.099, data: 0.000) cycle_A: 8.211 D_B: 0.214 G_B: 0.357 cycle_B: 0.852 G: 9.421 
(epoch: 20, iters: 500, time: 1.114, data: 0.000) cycle_A: 8.405 D_B: 0.205 G_B: 0.322 cycle_B: 0.503 G: 9.230 
(epoch: 20, iters: 600, time: 1.100, data: 0.000) cycle_A: 8.225 D_B: 0.218 G_B: 0.229 cycle_B: 0.725 G: 9.179 
saving the latest model (epoch 20, total_iters 12000)
learning rate 0.0001000 -> 0.0001000
End of epoch 20 / 400 	 Time Taken: 158 sec
(epoch: 21, iters: 100, time: 1.097, data: 0.210) cycle_A: 4.853 D_B: 0.186 G_B: 0.353 cycle_B: 0.644 G: 5.849 
(epoch: 21, iters: 200, time: 1.360, data: 0.000) cycle_A: 7.878 D_B: 0.188 G_B: 0.325 cycle_B: 0.611 G: 8.814 
(epoch: 21, iters: 300, time: 1.107, data: 0.000) cycle_A: 6.484 D_B: 0.219 G_B: 0.445 cycle_B: 0.752 G: 7.680 
(epoch: 21, iters: 400, time: 1.100, data: 0.000) cycle_A: 7.837 D_B: 0.285 G_B: 0.434 cycle_B: 0.113 G: 8.384 
(epoch: 21, iters: 500, time: 1.116, data: 0.000) cycle_A: 6.689 D_B: 0.348 G_B: 0.227 cycle_B: 0.371 G: 7.286 
(epoch: 21, iters: 600, time: 1.096, data: 0.000) cycle_A: 6.545 D_B: 0.176 G_B: 0.351 cycle_B: 0.396 G: 7.292 
learning rate 0.0001000 -> 0.0001000
End of epoch 21 / 400 	 Time Taken: 158 sec
(epoch: 22, iters: 100, time: 1.096, data: 0.204) cycle_A: 6.764 D_B: 0.147 G_B: 0.592 cycle_B: 1.170 G: 8.526 
(epoch: 22, iters: 200, time: 1.427, data: 0.000) cycle_A: 5.672 D_B: 0.188 G_B: 0.516 cycle_B: 4.112 G: 10.299 
(epoch: 22, iters: 300, time: 1.102, data: 0.000) cycle_A: 8.042 D_B: 0.286 G_B: 0.510 cycle_B: 0.431 G: 8.983 
(epoch: 22, iters: 400, time: 1.122, data: 0.000) cycle_A: 6.598 D_B: 0.257 G_B: 0.510 cycle_B: 0.404 G: 7.512 
(epoch: 22, iters: 500, time: 1.096, data: 0.000) cycle_A: 6.785 D_B: 0.211 G_B: 0.275 cycle_B: 0.260 G: 7.319 
(epoch: 22, iters: 600, time: 1.101, data: 0.000) cycle_A: 8.246 D_B: 0.241 G_B: 0.284 cycle_B: 0.206 G: 8.736 
learning rate 0.0001000 -> 0.0001000
End of epoch 22 / 400 	 Time Taken: 158 sec
(epoch: 23, iters: 100, time: 1.100, data: 0.216) cycle_A: 8.564 D_B: 0.180 G_B: 0.314 cycle_B: 0.612 G: 9.491 
(epoch: 23, iters: 200, time: 1.552, data: 0.000) cycle_A: 8.053 D_B: 0.252 G_B: 0.348 cycle_B: 1.172 G: 9.572 
(epoch: 23, iters: 300, time: 1.098, data: 0.000) cycle_A: 8.178 D_B: 0.269 G_B: 0.418 cycle_B: 0.660 G: 9.256 
(epoch: 23, iters: 400, time: 1.116, data: 0.000) cycle_A: 7.938 D_B: 0.230 G_B: 0.216 cycle_B: 0.592 G: 8.746 
(epoch: 23, iters: 500, time: 1.107, data: 0.000) cycle_A: 7.829 D_B: 0.159 G_B: 0.430 cycle_B: 0.379 G: 8.638 
(epoch: 23, iters: 600, time: 1.093, data: 0.000) cycle_A: 8.018 D_B: 0.257 G_B: 0.315 cycle_B: 0.932 G: 9.265 
learning rate 0.0001000 -> 0.0001000
End of epoch 23 / 400 	 Time Taken: 158 sec
(epoch: 24, iters: 100, time: 1.097, data: 0.232) cycle_A: 4.185 D_B: 0.207 G_B: 0.404 cycle_B: 1.201 G: 5.789 
(epoch: 24, iters: 200, time: 1.370, data: 0.000) cycle_A: 5.948 D_B: 0.192 G_B: 0.389 cycle_B: 1.172 G: 7.510 
(epoch: 24, iters: 300, time: 1.095, data: 0.000) cycle_A: 5.028 D_B: 0.139 G_B: 0.490 cycle_B: 0.434 G: 5.951 
(epoch: 24, iters: 400, time: 1.098, data: 0.000) cycle_A: 4.350 D_B: 0.253 G_B: 0.635 cycle_B: 97.427 G: 102.412 
(epoch: 24, iters: 500, time: 1.123, data: 0.000) cycle_A: 4.940 D_B: 0.153 G_B: 0.654 cycle_B: 0.084 G: 5.678 
(epoch: 24, iters: 600, time: 1.095, data: 0.000) cycle_A: 7.903 D_B: 0.142 G_B: 0.209 cycle_B: 0.731 G: 8.842 
learning rate 0.0001000 -> 0.0001000
End of epoch 24 / 400 	 Time Taken: 158 sec
(epoch: 25, iters: 100, time: 1.098, data: 0.226) cycle_A: 7.511 D_B: 0.161 G_B: 0.453 cycle_B: 0.090 G: 8.055 
(epoch: 25, iters: 200, time: 1.641, data: 0.000) cycle_A: 8.027 D_B: 0.203 G_B: 0.421 cycle_B: 0.286 G: 8.734 
(epoch: 25, iters: 300, time: 1.092, data: 0.000) cycle_A: 6.726 D_B: 0.131 G_B: 0.367 cycle_B: 0.449 G: 7.542 
(epoch: 25, iters: 400, time: 1.099, data: 0.000) cycle_A: 6.322 D_B: 0.167 G_B: 0.437 cycle_B: 0.391 G: 7.150 
(epoch: 25, iters: 500, time: 1.096, data: 0.000) cycle_A: 5.579 D_B: 0.221 G_B: 0.420 cycle_B: 1.626 G: 7.625 
(epoch: 25, iters: 600, time: 1.104, data: 0.000) cycle_A: 4.280 D_B: 0.174 G_B: 0.518 cycle_B: 139.161 G: 143.960 
learning rate 0.0001000 -> 0.0001000
End of epoch 25 / 400 	 Time Taken: 157 sec
(epoch: 26, iters: 100, time: 1.098, data: 0.248) cycle_A: 7.839 D_B: 0.273 G_B: 0.333 cycle_B: 0.438 G: 8.610 
(epoch: 26, iters: 200, time: 1.360, data: 0.000) cycle_A: 5.884 D_B: 0.158 G_B: 0.487 cycle_B: 1.407 G: 7.778 
(epoch: 26, iters: 300, time: 1.095, data: 0.000) cycle_A: 6.913 D_B: 0.192 G_B: 0.301 cycle_B: 0.513 G: 7.727 
(epoch: 26, iters: 400, time: 1.097, data: 0.000) cycle_A: 8.410 D_B: 0.124 G_B: 0.405 cycle_B: 0.435 G: 9.250 
(epoch: 26, iters: 500, time: 1.111, data: 0.000) cycle_A: 4.231 D_B: 0.176 G_B: 0.504 cycle_B: 0.119 G: 4.853 
(epoch: 26, iters: 600, time: 1.098, data: 0.000) cycle_A: 7.039 D_B: 0.177 G_B: 0.543 cycle_B: 0.236 G: 7.818 
learning rate 0.0001000 -> 0.0001000
End of epoch 26 / 400 	 Time Taken: 158 sec
(epoch: 27, iters: 100, time: 1.093, data: 0.212) cycle_A: 5.851 D_B: 0.206 G_B: 0.362 cycle_B: 0.386 G: 6.598 
(epoch: 27, iters: 200, time: 1.422, data: 0.000) cycle_A: 5.916 D_B: 0.197 G_B: 0.279 cycle_B: 0.101 G: 6.296 
(epoch: 27, iters: 300, time: 1.095, data: 0.000) cycle_A: 5.156 D_B: 0.233 G_B: 0.239 cycle_B: 27.770 G: 33.164 
(epoch: 27, iters: 400, time: 1.098, data: 0.000) cycle_A: 5.196 D_B: 0.217 G_B: 0.719 cycle_B: 0.987 G: 6.901 
saving the latest model (epoch 27, total_iters 16000)
(epoch: 27, iters: 500, time: 1.094, data: 0.000) cycle_A: 4.748 D_B: 0.218 G_B: 0.647 cycle_B: 0.069 G: 5.463 
(epoch: 27, iters: 600, time: 1.090, data: 0.000) cycle_A: 4.457 D_B: 0.249 G_B: 0.456 cycle_B: 0.059 G: 4.972 
learning rate 0.0001000 -> 0.0001000
End of epoch 27 / 400 	 Time Taken: 158 sec
(epoch: 28, iters: 100, time: 1.120, data: 0.194) cycle_A: 4.218 D_B: 0.237 G_B: 0.783 cycle_B: 1.679 G: 6.679 
(epoch: 28, iters: 200, time: 1.741, data: 0.000) cycle_A: 6.127 D_B: 0.176 G_B: 0.278 cycle_B: 7.078 G: 13.483 
(epoch: 28, iters: 300, time: 1.094, data: 0.000) cycle_A: 4.071 D_B: 0.181 G_B: 0.382 cycle_B: 16.826 G: 21.279 
(epoch: 28, iters: 400, time: 1.094, data: 0.000) cycle_A: 6.641 D_B: 0.213 G_B: 0.363 cycle_B: 0.329 G: 7.334 
(epoch: 28, iters: 500, time: 1.092, data: 0.000) cycle_A: 5.221 D_B: 0.211 G_B: 0.231 cycle_B: 0.456 G: 5.908 
(epoch: 28, iters: 600, time: 1.097, data: 0.000) cycle_A: 5.395 D_B: 0.184 G_B: 0.359 cycle_B: 0.729 G: 6.483 
learning rate 0.0001000 -> 0.0001000
End of epoch 28 / 400 	 Time Taken: 158 sec
(epoch: 29, iters: 100, time: 1.095, data: 0.192) cycle_A: 5.431 D_B: 0.235 G_B: 0.534 cycle_B: 2.643 G: 8.608 
(epoch: 29, iters: 200, time: 1.515, data: 0.000) cycle_A: 7.243 D_B: 0.215 G_B: 0.559 cycle_B: 8.773 G: 16.576 
(epoch: 29, iters: 300, time: 1.119, data: 0.000) cycle_A: 4.733 D_B: 0.213 G_B: 0.303 cycle_B: 0.760 G: 5.796 
(epoch: 29, iters: 400, time: 1.092, data: 0.000) cycle_A: 4.146 D_B: 0.192 G_B: 0.487 cycle_B: 1.807 G: 6.440 
(epoch: 29, iters: 500, time: 1.093, data: 0.000) cycle_A: 5.540 D_B: 0.213 G_B: 0.260 cycle_B: 2.991 G: 8.792 
(epoch: 29, iters: 600, time: 1.090, data: 0.000) cycle_A: 4.279 D_B: 0.245 G_B: 0.295 cycle_B: 0.626 G: 5.200 
learning rate 0.0001000 -> 0.0001000
End of epoch 29 / 400 	 Time Taken: 157 sec
(epoch: 30, iters: 100, time: 1.119, data: 0.217) cycle_A: 3.347 D_B: 0.186 G_B: 0.356 cycle_B: 0.630 G: 4.333 
(epoch: 30, iters: 200, time: 1.553, data: 0.000) cycle_A: 8.376 D_B: 0.234 G_B: 0.268 cycle_B: 0.134 G: 8.778 
